<?xml version="1.0" encoding="UTF-8"?>
<!-- Generated by org.testng.reporters.JUnitReportReporter -->
<testsuite hostname="Harika" failures="0" tests="2" name="Automation.MavenProject2023.Submitorder" time="49.433" errors="0" timestamp="2023-10-01T21:08:18 IST" skipped="0">
  <testcase classname="Automation.MavenProject2023.Submitorder" name="submitorder" time="33.949"/>
  <system-out/>
  <testcase classname="Automation.MavenProject2023.Submitorder" name="submitorder" time="15.484"/>
  <system-out/>
</testsuite> <!-- Automation.MavenProject2023.Submitorder -->
