<?xml version="1.0" encoding="UTF-8"?>
<!-- Generated by org.testng.reporters.JUnitReportReporter -->
<testsuite hostname="Harika" failures="0" tests="1" name="Automation.MavenProject2023.ErrorValidations" time="32.769" errors="0" timestamp="2023-10-02T13:58:31 IST" skipped="0">
  <testcase classname="Automation.MavenProject2023.ErrorValidations" name="errorValidationPage" time="32.769"/>
  <system-out/>
</testsuite> <!-- Automation.MavenProject2023.ErrorValidations -->
